[0.096s] Invoking command in '/home/fiend/Navigation_Bot/dev_ws/build/navigation_bot': CMAKE_PREFIX_PATH=${CMAKE_PREFIX_PATH}:/home/fiend/cv_bridge_ws/install/opencv_tests:/opt/ros/humble PS1=
\[[38;5;156m\]\[[0m\]\[[38;5;166m\]dev_ws\[[0m\]\[[38;5;166m\]\[[0m\] on \[[38;5;162m\]î‚  \[[0m\]\[[38;5;162m\]main\[[0m\]
\[[1;38;5;166m\]âžœ\[[0m\] /usr/bin/cmake /home/fiend/Navigation_Bot/dev_ws/src -DAMENT_CMAKE_SYMLINK_INSTALL=1 -DCMAKE_INSTALL_PREFIX=/home/fiend/Navigation_Bot/dev_ws/install/navigation_bot
[0.106s] -- Found rclcpp: 16.0.8 (/opt/ros/humble/share/rclcpp/cmake)
[0.224s] -- Override CMake install command with custom implementation using symlinks instead of copying resources
[0.256s] -- Found rosidl_generator_c: 3.1.5 (/opt/ros/humble/share/rosidl_generator_c/cmake)
[0.258s] -- Found rosidl_adapter: 3.1.5 (/opt/ros/humble/share/rosidl_adapter/cmake)
[0.263s] -- Found rosidl_generator_cpp: 3.1.5 (/opt/ros/humble/share/rosidl_generator_cpp/cmake)
[0.273s] -- Using all available rosidl_typesupport_c: rosidl_typesupport_fastrtps_c;rosidl_typesupport_introspection_c
[0.286s] -- Using all available rosidl_typesupport_cpp: rosidl_typesupport_fastrtps_cpp;rosidl_typesupport_introspection_cpp
[0.337s] -- Found rmw_implementation_cmake: 6.1.1 (/opt/ros/humble/share/rmw_implementation_cmake/cmake)
[0.338s] -- Found rmw_fastrtps_cpp: 6.2.6 (/opt/ros/humble/share/rmw_fastrtps_cpp/cmake)
[0.437s] -- Using RMW implementation 'rmw_fastrtps_cpp' as default
[0.580s] -- Found cv_bridge: 3.4.0 (/usr/local/share/cv_bridge/cmake)
[0.713s] -- Found OpenCV: /usr/local (found version "4.9.0") 
[0.722s] -- Found image_transport: 3.1.8 (/opt/ros/humble/share/image_transport/cmake)
[0.772s] -- Found ament_lint_auto: 0.12.10 (/opt/ros/humble/share/ament_lint_auto/cmake)
[0.841s] -- Added test 'copyright' to check source files copyright and LICENSE
[0.843s] -- Added test 'cppcheck' to perform static code analysis on C / C++ code
[0.844s] -- Configured cppcheck include dirs: /home/fiend/Navigation_Bot/dev_ws/src/include
[0.844s] -- Configured cppcheck exclude dirs and/or files: 
[0.845s] -- Added test 'cpplint' to check C / C++ code against the Google style
[0.845s] -- Configured cpplint exclude dirs and/or files: 
[0.845s] -- Added test 'flake8' to check Python code syntax and style conventions
[0.846s] -- Added test 'lint_cmake' to check CMake code style
[0.847s] -- Added test 'pep257' to check Python code against some of the docstring style conventions in PEP 257
[0.848s] -- Added test 'uncrustify' to check C / C++ code style
[0.848s] -- Configured uncrustify additional arguments: 
[0.849s] -- Added test 'xmllint' to check XML markup files
[0.850s] -- Configuring done
[0.861s] -- Generating done
[0.862s] -- Build files have been written to: /home/fiend/Navigation_Bot/dev_ws/build/navigation_bot
[0.869s] Invoked command in '/home/fiend/Navigation_Bot/dev_ws/build/navigation_bot' returned '0': CMAKE_PREFIX_PATH=${CMAKE_PREFIX_PATH}:/home/fiend/cv_bridge_ws/install/opencv_tests:/opt/ros/humble PS1=
\[[38;5;156m\]\[[0m\]\[[38;5;166m\]dev_ws\[[0m\]\[[38;5;166m\]\[[0m\] on \[[38;5;162m\]î‚  \[[0m\]\[[38;5;162m\]main\[[0m\]
\[[1;38;5;166m\]âžœ\[[0m\] /usr/bin/cmake /home/fiend/Navigation_Bot/dev_ws/src -DAMENT_CMAKE_SYMLINK_INSTALL=1 -DCMAKE_INSTALL_PREFIX=/home/fiend/Navigation_Bot/dev_ws/install/navigation_bot
[0.871s] Invoking command in '/home/fiend/Navigation_Bot/dev_ws/build/navigation_bot': CMAKE_PREFIX_PATH=${CMAKE_PREFIX_PATH}:/home/fiend/cv_bridge_ws/install/opencv_tests:/opt/ros/humble PS1=
\[[38;5;156m\]\[[0m\]\[[38;5;166m\]dev_ws\[[0m\]\[[38;5;166m\]\[[0m\] on \[[38;5;162m\]î‚  \[[0m\]\[[38;5;162m\]main\[[0m\]
\[[1;38;5;166m\]âžœ\[[0m\] /usr/bin/cmake --build /home/fiend/Navigation_Bot/dev_ws/build/navigation_bot -- -j8 -l8
[0.909s] [ 50%] [32mBuilding CXX object CMakeFiles/ImageCapture.dir/Executables/ImageCapture.cpp.o[0m
[0.909s] [ 50%] [32mBuilding CXX object CMakeFiles/webcam_publisher.dir/Executables/WebCam.cpp.o[0m
[1.131s] [01m[K/home/fiend/Navigation_Bot/dev_ws/src/Executables/WebCam.cpp:9:10:[m[K [31m[Kfatal error: [m[Kcv_bridge/cv_bridge.h: No such file or directory
[1.131s]     9 | #include [31m[K<cv_bridge/cv_bridge.h>[m[K
[1.131s]       |          [31m[K^~~~~~~~~~~~~~~~~~~~~~~[m[K
[1.131s] compilation terminated.
[1.131s] [01m[K/home/fiend/Navigation_Bot/dev_ws/src/Executables/ImageCapture.cpp:9:10:[m[K [31m[Kfatal error: [m[Kcv_bridge/cv_bridge.h: No such file or directory
[1.131s]     9 | #include [31m[K<cv_bridge/cv_bridge.h>[m[K
[1.131s]       |          [31m[K^~~~~~~~~~~~~~~~~~~~~~~[m[K
[1.131s] compilation terminated.
[1.134s] gmake[2]: *** [CMakeFiles/webcam_publisher.dir/build.make:76: CMakeFiles/webcam_publisher.dir/Executables/WebCam.cpp.o] Error 1
[1.134s] gmake[2]: *** [CMakeFiles/ImageCapture.dir/build.make:76: CMakeFiles/ImageCapture.dir/Executables/ImageCapture.cpp.o] Error 1
[1.134s] gmake[1]: *** [CMakeFiles/Makefile2:165: CMakeFiles/webcam_publisher.dir/all] Error 2
[1.134s] gmake[1]: *** Waiting for unfinished jobs....
[1.134s] gmake[1]: *** [CMakeFiles/Makefile2:139: CMakeFiles/ImageCapture.dir/all] Error 2
[1.134s] gmake: *** [Makefile:146: all] Error 2
[1.136s] Invoked command in '/home/fiend/Navigation_Bot/dev_ws/build/navigation_bot' returned '2': CMAKE_PREFIX_PATH=${CMAKE_PREFIX_PATH}:/home/fiend/cv_bridge_ws/install/opencv_tests:/opt/ros/humble PS1=
\[[38;5;156m\]\[[0m\]\[[38;5;166m\]dev_ws\[[0m\]\[[38;5;166m\]\[[0m\] on \[[38;5;162m\]î‚  \[[0m\]\[[38;5;162m\]main\[[0m\]
\[[1;38;5;166m\]âžœ\[[0m\] /usr/bin/cmake --build /home/fiend/Navigation_Bot/dev_ws/build/navigation_bot -- -j8 -l8
