[0.171s] Invoking command in '/home/fiend/Navigation_Bot/dev_ws/build/navigation_bot': CMAKE_PREFIX_PATH=${CMAKE_PREFIX_PATH}:/opt/ros/humble PS1=
\[[38;5;156m\]\[[0m\]\[[38;5;166m\]dev_ws\[[0m\]\[[38;5;166m\]\[[0m\] on \[[38;5;162m\]î‚  \[[0m\]\[[38;5;162m\]main\[[0m\]
\[[1;38;5;166m\]âžœ\[[0m\] /usr/bin/cmake --build /home/fiend/Navigation_Bot/dev_ws/build/navigation_bot -- -j8 -l8
[0.273s] [ 83%] Built target webcam_publisher
[0.273s] [ 83%] [32mBuilding CXX object CMakeFiles/ImageCapture.dir/Executables/ImageCapture.cpp.o[0m
[0.273s] [ 83%] Built target cv_bridge_test
[3.902s] [01m[K/home/fiend/Navigation_Bot/dev_ws/src/Executables/ImageCapture.cpp:[m[K In constructor â€˜[01m[KImageCapture::ImageCapture()[m[Kâ€™:
[3.902s] [01m[K/home/fiend/Navigation_Bot/dev_ws/src/Executables/ImageCapture.cpp:23:9:[m[K [31m[Kerror: [m[Kâ€˜[01m[Kpublisher_[m[Kâ€™ was not declared in this scope; did you mean â€˜[01m[Krmw_publisher_t[m[Kâ€™?
[3.902s]    23 |         [31m[Kpublisher_[m[K = create_publisher<
[3.903s]       |         [31m[K^~~~~~~~~~[m[K
[3.903s]       |         [32m[Krmw_publisher_t[m[K
[3.903s] [01m[K/home/fiend/Navigation_Bot/dev_ws/src/Executables/ImageCapture.cpp:25:24:[m[K [31m[Kerror: [m[Kcall to non-â€˜[01m[Kconstexpr[m[Kâ€™ function â€˜[01m[Kvoid cv::namedWindow(const String&, int)[m[Kâ€™
[3.903s]    25 |         [31m[Kcv::namedWindow("Image", cv::WINDOW_NORMAL)[m[K;
[3.903s]       |         [31m[K~~~~~~~~~~~~~~~^~~~~~~~~~~~~~~~~~~~~~~~~~~~[m[K
[3.903s] In file included from [01m[K/usr/local/include/opencv4/opencv2/opencv.hpp:68[m[K,
[3.903s]                  from [01m[K/home/fiend/Navigation_Bot/dev_ws/src/Executables/ImageCapture.cpp:10[m[K:
[3.903s] [01m[K/usr/local/include/opencv4/opencv2/highgui.hpp:316:19:[m[K [36m[Knote: [m[Kâ€˜[01m[Kvoid cv::namedWindow(const String&, int)[m[Kâ€™ declared here
[3.903s]   316 | CV_EXPORTS_W void [36m[KnamedWindow[m[K(const String& winname, int flags = WINDOW_AUTOSIZE);
[3.903s]       |                   [36m[K^~~~~~~~~~~[m[K
[3.903s] [01m[K/home/fiend/Navigation_Bot/dev_ws/src/Executables/ImageCapture.cpp:23:22:[m[K [31m[Kerror: [m[Kparse error in template argument list
[3.903s]    23 |         publisher_ = [31m[Kcreate_publisher<[m[K
[3.903s]       |                      [31m[K^~~~~~~~~~~~~~~~~[m[K
[3.903s]    24 | [31m[K        //Initialize OpenCV window[m[K
[3.903s]       |         [31m[K~~~~~~~~~~~~~~~~~~~~~~~~~~[m[K
[3.903s]    25 | [31m[K        cv::namedWindow("Image", cv::WINDOW_NORMAL)[m[K;
[3.904s]       |         [31m[K~~~~~~~~~~~~~~~~~~~~~~~~~~~~~~~~~~~~~~~~~~~[m[K
[6.967s] gmake[2]: *** [CMakeFiles/ImageCapture.dir/build.make:76: CMakeFiles/ImageCapture.dir/Executables/ImageCapture.cpp.o] Error 1
[6.967s] gmake[1]: *** [CMakeFiles/Makefile2:141: CMakeFiles/ImageCapture.dir/all] Error 2
[6.967s] gmake: *** [Makefile:146: all] Error 2
[6.971s] Invoked command in '/home/fiend/Navigation_Bot/dev_ws/build/navigation_bot' returned '2': CMAKE_PREFIX_PATH=${CMAKE_PREFIX_PATH}:/opt/ros/humble PS1=
\[[38;5;156m\]\[[0m\]\[[38;5;166m\]dev_ws\[[0m\]\[[38;5;166m\]\[[0m\] on \[[38;5;162m\]î‚  \[[0m\]\[[38;5;162m\]main\[[0m\]
\[[1;38;5;166m\]âžœ\[[0m\] /usr/bin/cmake --build /home/fiend/Navigation_Bot/dev_ws/build/navigation_bot -- -j8 -l8
