[01m[K/home/fiend/Navigation_Bot/dev_ws/src/Executables/follower.cpp:[m[K In member function â€˜[01m[Kvoid follower::contourCallback(sensor_msgs::msg::Image_<std::allocator<void> >::SharedPtr)[m[Kâ€™:
[01m[K/home/fiend/Navigation_Bot/dev_ws/src/Executables/follower.cpp:39:9:[m[K [31m[Kerror: [m[Kâ€˜[01m[KFind[m[Kâ€™ was not declared in this scope
   39 |         [31m[KFind[m[K contours in the image
      |         [31m[K^~~~[m[K
[01m[K/home/fiend/Navigation_Bot/dev_ws/src/Executables/follower.cpp:41:41:[m[K [31m[Kerror: [m[Kâ€˜[01m[Kcontours[m[Kâ€™ was not declared in this scope; did you mean â€˜[01m[Kcontour_msg[m[Kâ€™?
   41 |         cv::findContours(cv_ptr->image, [31m[Kcontours[m[K, cv::RETR_EXTERNAL, cv::CHAIN_APPROX_SIMPLE);
      |                                         [31m[K^~~~~~~~[m[K
      |                                         [32m[Kcontour_msg[m[K
gmake[2]: *** [CMakeFiles/Motor_Driver_Node.dir/build.make:76: CMakeFiles/Motor_Driver_Node.dir/Executables/follower.cpp.o] Error 1
gmake[1]: *** [CMakeFiles/Makefile2:165: CMakeFiles/Motor_Driver_Node.dir/all] Error 2
gmake: *** [Makefile:146: all] Error 2
