[0.000000] (-) TimerEvent: {}
[0.000227] (navigation_bot) JobQueued: {'identifier': 'navigation_bot', 'dependencies': OrderedDict()}
[0.000295] (navigation_bot) JobStarted: {'identifier': 'navigation_bot'}
[0.098637] (-) TimerEvent: {}
[0.199807] (-) TimerEvent: {}
[0.300520] (-) TimerEvent: {}
[0.326270] (navigation_bot) JobProgress: {'identifier': 'navigation_bot', 'progress': 'cmake'}
[0.329376] (navigation_bot) JobProgress: {'identifier': 'navigation_bot', 'progress': 'build'}
[0.329499] (navigation_bot) Command: {'cmd': ['/usr/bin/cmake', '--build', '/home/fiend/Navigation_Bot/dev_ws/build/navigation_bot', '--', '-j8', '-l8'], 'cwd': '/home/fiend/Navigation_Bot/dev_ws/build/navigation_bot', 'env': OrderedDict([('GJS_DEBUG_TOPICS', 'JS ERROR;JS LOG'), ('LESSOPEN', '| /usr/bin/lesspipe %s'), ('LANGUAGE', 'en_IN:en'), ('USER', 'fiend'), ('STARSHIP_SHELL', 'bash'), ('XDG_SESSION_TYPE', 'wayland'), ('SHLVL', '1'), ('LD_LIBRARY_PATH', '/usr/lib/x86_64-linux-gnu/gazebo-11/plugins:/opt/ros/humble/opt/rviz_ogre_vendor/lib:/opt/ros/humble/lib/x86_64-linux-gnu:/opt/ros/humble/lib'), ('HOME', '/home/fiend'), ('OLDPWD', '/home/fiend/Navigation_Bot'), ('DESKTOP_SESSION', 'ubuntu'), ('GIO_LAUNCHED_DESKTOP_FILE', '/usr/share/applications/terminator.desktop'), ('ROS_PYTHON_VERSION', '3'), ('GNOME_SHELL_SESSION_MODE', 'ubuntu'), ('GTK_MODULES', 'gail:atk-bridge'), ('PS1', '\n\\[\x1b[38;5;156m\\]\\[\x1b[0m\\]\\[\x1b[38;5;166m\\]dev_ws\\[\x1b[0m\\]\\[\x1b[38;5;166m\\]\\[\x1b[0m\\] on \\[\x1b[38;5;162m\\]\ue0a0 \\[\x1b[0m\\]\\[\x1b[38;5;162m\\]main\\[\x1b[0m\\] underwent \\[\x1b[36m\\]49s\\[\x1b[0m\\]\n\\[\x1b[1;38;5;166m\\]âžœ\\[\x1b[0m\\]'), ('MANAGERPID', '865'), ('SYSTEMD_EXEC_PID', '1038'), ('DBUS_SESSION_BUS_ADDRESS', 'unix:path=/run/user/1000/bus'), ('COLORTERM', 'truecolor'), ('GIO_LAUNCHED_DESKTOP_FILE_PID', '5627'), ('_colcon_cd_root', '/opt/ros/humble/'), ('IM_CONFIG_PHASE', '1'), ('WAYLAND_DISPLAY', 'wayland-0'), ('COLCON_PREFIX_PATH', '/home/fiend/Navigation_Bot/dev_ws/install:/home/fiend/voice_grab/ros2_ws/install:/home/fiend/LineFollowingRobot/ros_ws/install:/home/fiend/ROS/practice_codes_ROS2/articubot_one/install'), ('ROS_DISTRO', 'humble'), ('LOGNAME', 'fiend'), ('JOURNAL_STREAM', '8:30767'), ('_', '/usr/bin/colcon'), ('ROS_VERSION', '2'), ('XDG_SESSION_CLASS', 'user'), ('USERNAME', 'fiend'), ('TERM', 'xterm-256color'), ('GNOME_DESKTOP_SESSION_ID', 'this-is-deprecated'), ('ROS_LOCALHOST_ONLY', '0'), ('PATH', '/opt/ros/humble/bin:/home/fiend/.local/bin:/usr/local/sbin:/usr/local/bin:/usr/sbin:/usr/bin:/sbin:/bin:/usr/games:/usr/local/games:/snap/bin:/snap/bin'), ('SESSION_MANAGER', 'local/fiend-Lenovo-Yoga-C740-14IML:@/tmp/.ICE-unix/1008,unix/fiend-Lenovo-Yoga-C740-14IML:/tmp/.ICE-unix/1008'), ('INVOCATION_ID', '37512f0c72ec48d79a8a8f1894f11f4d'), ('XDG_MENU_PREFIX', 'gnome-'), ('GNOME_SETUP_DISPLAY', ':1'), ('XDG_RUNTIME_DIR', '/run/user/1000'), ('DISPLAY', ':0'), ('LANG', 'en_US.UTF-8'), ('XDG_CURRENT_DESKTOP', 'ubuntu:GNOME'), ('IBUS_DISABLE_SNOOPER', '1'), ('XMODIFIERS', '@im=ibus'), ('XDG_SESSION_DESKTOP', 'ubuntu'), ('XAUTHORITY', '/run/user/1000/.mutter-Xwaylandauth.UJJAK2'), ('LS_COLORS', 'di=34:ow=34:tw=34:fi=13:ln=31:pi=5:so=5:bd=5:cd=5:or=31:mi=0:ex=35:*.rpm=90:*.png=35:*.gif=36:*.jpg=35:*.c=92:*.py=93:*.h=90:*.txt=94:*.doc=104:*.odt=104:*.csv=102:*.xlsx=102:*.xlsm=102:*.rb=31:*.cpp=92:*.sh=92:*.html=96:*.zip=4;33:*.tar.gz=4;33:*.mp4=105:*.mp3=106'), ('SSH_AGENT_LAUNCHER', 'gnome-keyring'), ('SSH_AUTH_SOCK', '/run/user/1000/keyring/ssh'), ('AMENT_PREFIX_PATH', '/home/fiend/Navigation_Bot/dev_ws/install/navigation_bot:/home/fiend/LineFollowingRobot/ros_ws/install/line_bhakt:/home/fiend/ROS/practice_codes_ROS2/articubot_one/install/articubot_one:/opt/ros/humble'), ('SHELL', '/bin/bash'), ('TERMINATOR_UUID', 'urn:uuid:de10c5cb-7f42-4ea2-ad3f-7446c017e8fd'), ('QT_ACCESSIBILITY', '1'), ('GDMSESSION', 'ubuntu'), ('LESSCLOSE', '/usr/bin/lesspipe %s %s'), ('GCC_COLORS', 'error=31:warning=35:note=36:caret=32:locus=01:quote=01'), ('GJS_DEBUG_OUTPUT', 'stderr'), ('QT_IM_MODULE', 'ibus'), ('PWD', '/home/fiend/Navigation_Bot/dev_ws/build/navigation_bot'), ('LC_ALL', 'en_US.UTF-8'), ('XDG_CONFIG_DIRS', '/etc/xdg/xdg-ubuntu:/etc/xdg'), ('XDG_DATA_DIRS', '/usr/share/ubuntu:/home/fiend/.local/share/flatpak/exports/share:/var/lib/flatpak/exports/share:/usr/local/share/:/usr/share/:/var/lib/snapd/desktop'), ('STARSHIP_SESSION_KEY', '2059017139146452'), ('PYTHONPATH', '/opt/ros/humble/lib/python3.10/site-packages:/opt/ros/humble/local/lib/python3.10/dist-packages'), ('COLCON', '1'), ('VTE_VERSION', '6800'), ('CMAKE_PREFIX_PATH', '/home/fiend/Navigation_Bot/dev_ws/install/navigation_bot:/home/fiend/LineFollowingRobot/ros_ws/install/line_bhakt:/home/fiend/ROS/practice_codes_ROS2/articubot_one/install/articubot_one:/opt/ros/humble')]), 'shell': False}
[0.400672] (-) TimerEvent: {}
[0.411835] (navigation_bot) StdoutLine: {'line': b'\x1b[35m\x1b[1mConsolidate compiler generated dependencies of target Motor_Driver_Node\x1b[0m\n'}
[0.435186] (navigation_bot) StdoutLine: {'line': b'[ 50%] Built target ImageCapture\n'}
[0.448597] (navigation_bot) StdoutLine: {'line': b'[ 75%] \x1b[32mBuilding CXX object CMakeFiles/Motor_Driver_Node.dir/Executables/follower.cpp.o\x1b[0m\n'}
[0.500797] (-) TimerEvent: {}
[0.601261] (-) TimerEvent: {}
[0.701737] (-) TimerEvent: {}
[0.802119] (-) TimerEvent: {}
[0.902498] (-) TimerEvent: {}
[1.002891] (-) TimerEvent: {}
[1.103398] (-) TimerEvent: {}
[1.203836] (-) TimerEvent: {}
[1.304262] (-) TimerEvent: {}
[1.404699] (-) TimerEvent: {}
[1.505183] (-) TimerEvent: {}
[1.605558] (-) TimerEvent: {}
[1.705955] (-) TimerEvent: {}
[1.806330] (-) TimerEvent: {}
[1.906701] (-) TimerEvent: {}
[2.007123] (-) TimerEvent: {}
[2.107524] (-) TimerEvent: {}
[2.207927] (-) TimerEvent: {}
[2.308310] (-) TimerEvent: {}
[2.408689] (-) TimerEvent: {}
[2.509067] (-) TimerEvent: {}
[2.609443] (-) TimerEvent: {}
[2.709812] (-) TimerEvent: {}
[2.810194] (-) TimerEvent: {}
[2.910568] (-) TimerEvent: {}
[3.010964] (-) TimerEvent: {}
[3.111357] (-) TimerEvent: {}
[3.211760] (-) TimerEvent: {}
[3.312160] (-) TimerEvent: {}
[3.412552] (-) TimerEvent: {}
[3.512934] (-) TimerEvent: {}
[3.613318] (-) TimerEvent: {}
[3.713722] (-) TimerEvent: {}
[3.814207] (-) TimerEvent: {}
[3.914627] (-) TimerEvent: {}
[4.015075] (-) TimerEvent: {}
[4.115503] (-) TimerEvent: {}
[4.215948] (-) TimerEvent: {}
[4.316379] (-) TimerEvent: {}
[4.416868] (-) TimerEvent: {}
[4.517259] (-) TimerEvent: {}
[4.617635] (-) TimerEvent: {}
[4.718002] (-) TimerEvent: {}
[4.818382] (-) TimerEvent: {}
[4.918757] (-) TimerEvent: {}
[5.019164] (-) TimerEvent: {}
[5.119549] (-) TimerEvent: {}
[5.219921] (-) TimerEvent: {}
[5.320298] (-) TimerEvent: {}
[5.420669] (-) TimerEvent: {}
[5.521046] (-) TimerEvent: {}
[5.621436] (-) TimerEvent: {}
[5.721831] (-) TimerEvent: {}
[5.822326] (-) TimerEvent: {}
[5.922811] (-) TimerEvent: {}
[6.023191] (-) TimerEvent: {}
[6.123628] (-) TimerEvent: {}
[6.223997] (-) TimerEvent: {}
[6.324386] (-) TimerEvent: {}
[6.424766] (-) TimerEvent: {}
[6.525136] (-) TimerEvent: {}
[6.625503] (-) TimerEvent: {}
[6.725913] (-) TimerEvent: {}
[6.826282] (-) TimerEvent: {}
[6.888027] (navigation_bot) StderrLine: {'line': b'\x1b[01m\x1b[K/home/fiend/Navigation_Bot/dev_ws/src/Executables/follower.cpp:\x1b[m\x1b[K In member function \xe2\x80\x98\x1b[01m\x1b[Kvoid follower::contourCallback(sensor_msgs::msg::Image_<std::allocator<void> >::SharedPtr)\x1b[m\x1b[K\xe2\x80\x99:\n'}
[6.888345] (navigation_bot) StderrLine: {'line': b'\x1b[01m\x1b[K/home/fiend/Navigation_Bot/dev_ws/src/Executables/follower.cpp:39:9:\x1b[m\x1b[K \x1b[31m\x1b[Kerror: \x1b[m\x1b[K\xe2\x80\x98\x1b[01m\x1b[KFind\x1b[m\x1b[K\xe2\x80\x99 was not declared in this scope\n'}
[6.888504] (navigation_bot) StderrLine: {'line': b'   39 |         \x1b[31m\x1b[KFind\x1b[m\x1b[K contours in the image\n'}
[6.888645] (navigation_bot) StderrLine: {'line': b'      |         \x1b[31m\x1b[K^~~~\x1b[m\x1b[K\n'}
[6.903663] (navigation_bot) StderrLine: {'line': b'\x1b[01m\x1b[K/home/fiend/Navigation_Bot/dev_ws/src/Executables/follower.cpp:41:41:\x1b[m\x1b[K \x1b[31m\x1b[Kerror: \x1b[m\x1b[K\xe2\x80\x98\x1b[01m\x1b[Kcontours\x1b[m\x1b[K\xe2\x80\x99 was not declared in this scope; did you mean \xe2\x80\x98\x1b[01m\x1b[Kcontour_msg\x1b[m\x1b[K\xe2\x80\x99?\n'}
[6.903943] (navigation_bot) StderrLine: {'line': b'   41 |         cv::findContours(cv_ptr->image, \x1b[31m\x1b[Kcontours\x1b[m\x1b[K, cv::RETR_EXTERNAL, cv::CHAIN_APPROX_SIMPLE);\n'}
[6.904099] (navigation_bot) StderrLine: {'line': b'      |                                         \x1b[31m\x1b[K^~~~~~~~\x1b[m\x1b[K\n'}
[6.904239] (navigation_bot) StderrLine: {'line': b'      |                                         \x1b[32m\x1b[Kcontour_msg\x1b[m\x1b[K\n'}
[6.926433] (-) TimerEvent: {}
[7.026930] (-) TimerEvent: {}
[7.127356] (-) TimerEvent: {}
[7.227782] (-) TimerEvent: {}
[7.328202] (-) TimerEvent: {}
[7.428646] (-) TimerEvent: {}
[7.529106] (-) TimerEvent: {}
[7.629536] (-) TimerEvent: {}
[7.729977] (-) TimerEvent: {}
[7.830412] (-) TimerEvent: {}
[7.930859] (-) TimerEvent: {}
[8.031282] (-) TimerEvent: {}
[8.131697] (-) TimerEvent: {}
[8.232157] (-) TimerEvent: {}
[8.332593] (-) TimerEvent: {}
[8.433026] (-) TimerEvent: {}
[8.533477] (-) TimerEvent: {}
[8.633931] (-) TimerEvent: {}
[8.734397] (-) TimerEvent: {}
[8.834841] (-) TimerEvent: {}
[8.935269] (-) TimerEvent: {}
[9.035694] (-) TimerEvent: {}
[9.136121] (-) TimerEvent: {}
[9.236542] (-) TimerEvent: {}
[9.337002] (-) TimerEvent: {}
[9.437441] (-) TimerEvent: {}
[9.537855] (-) TimerEvent: {}
[9.638298] (-) TimerEvent: {}
[9.738759] (-) TimerEvent: {}
[9.839223] (-) TimerEvent: {}
[9.939706] (-) TimerEvent: {}
[10.040081] (-) TimerEvent: {}
[10.140467] (-) TimerEvent: {}
[10.240840] (-) TimerEvent: {}
[10.341239] (-) TimerEvent: {}
[10.441616] (-) TimerEvent: {}
[10.541995] (-) TimerEvent: {}
[10.642486] (-) TimerEvent: {}
[10.742849] (-) TimerEvent: {}
[10.843215] (-) TimerEvent: {}
[10.943595] (-) TimerEvent: {}
[11.043982] (-) TimerEvent: {}
[11.144351] (-) TimerEvent: {}
[11.244712] (-) TimerEvent: {}
[11.345081] (-) TimerEvent: {}
[11.445445] (-) TimerEvent: {}
[11.545819] (-) TimerEvent: {}
[11.646182] (-) TimerEvent: {}
[11.746572] (-) TimerEvent: {}
[11.846992] (-) TimerEvent: {}
[11.947360] (-) TimerEvent: {}
[12.047726] (-) TimerEvent: {}
[12.148100] (-) TimerEvent: {}
[12.248477] (-) TimerEvent: {}
[12.348872] (-) TimerEvent: {}
[12.449240] (-) TimerEvent: {}
[12.487524] (navigation_bot) StderrLine: {'line': b'gmake[2]: *** [CMakeFiles/Motor_Driver_Node.dir/build.make:76: CMakeFiles/Motor_Driver_Node.dir/Executables/follower.cpp.o] Error 1\n'}
[12.487875] (navigation_bot) StderrLine: {'line': b'gmake[1]: *** [CMakeFiles/Makefile2:165: CMakeFiles/Motor_Driver_Node.dir/all] Error 2\n'}
[12.488230] (navigation_bot) StderrLine: {'line': b'gmake: *** [Makefile:146: all] Error 2\n'}
[12.491823] (navigation_bot) CommandEnded: {'returncode': 2}
[12.549899] (-) TimerEvent: {}
[12.650248] (-) TimerEvent: {}
[12.718020] (navigation_bot) JobEnded: {'identifier': 'navigation_bot', 'rc': 2}
[12.728961] (-) EventReactorShutdown: {}
