[0.115s] Invoking command in '/home/fiend/Navigation_Bot/dev_ws/build/navigation_bot': CMAKE_PREFIX_PATH=${CMAKE_PREFIX_PATH}:/home/fiend/cv_bridge_ws/install/opencv_tests:/opt/ros/humble PS1=
\[[38;5;156m\]\[[0m\]\[[38;5;166m\]dev_ws\[[0m\]\[[38;5;166m\]\[[0m\] on \[[38;5;162m\]î‚  \[[0m\]\[[38;5;162m\]main\[[0m\]
\[[1;38;5;166m\]âžœ\[[0m\] /usr/bin/cmake --build /home/fiend/Navigation_Bot/dev_ws/build/navigation_bot -- -j8 -l8
[0.173s] [ 50%] [32mBuilding CXX object CMakeFiles/ImageCapture.dir/Executables/ImageCapture.cpp.o[0m
[0.173s] [ 50%] [32mBuilding CXX object CMakeFiles/webcam_publisher.dir/Executables/WebCam.cpp.o[0m
[0.403s] [01m[K/home/fiend/Navigation_Bot/dev_ws/src/Executables/WebCam.cpp:9:10:[m[K [31m[Kfatal error: [m[Kcv_bridge/cv_bridge.h: No such file or directory
[0.403s]     9 | #include [31m[K<cv_bridge/cv_bridge.h>[m[K
[0.403s]       |          [31m[K^~~~~~~~~~~~~~~~~~~~~~~[m[K
[0.404s] compilation terminated.
[0.407s] gmake[2]: *** [CMakeFiles/webcam_publisher.dir/build.make:76: CMakeFiles/webcam_publisher.dir/Executables/WebCam.cpp.o] Error 1
[0.408s] gmake[1]: *** [CMakeFiles/Makefile2:165: CMakeFiles/webcam_publisher.dir/all] Error 2
[0.408s] gmake[1]: *** Waiting for unfinished jobs....
[0.412s] [01m[K/home/fiend/Navigation_Bot/dev_ws/src/Executables/ImageCapture.cpp:9:10:[m[K [31m[Kfatal error: [m[Kcv_bridge/cv_bridge.h: No such file or directory
[0.412s]     9 | #include [31m[K<cv_bridge/cv_bridge.h>[m[K
[0.412s]       |          [31m[K^~~~~~~~~~~~~~~~~~~~~~~[m[K
[0.412s] compilation terminated.
[0.415s] gmake[2]: *** [CMakeFiles/ImageCapture.dir/build.make:76: CMakeFiles/ImageCapture.dir/Executables/ImageCapture.cpp.o] Error 1
[0.415s] gmake[1]: *** [CMakeFiles/Makefile2:139: CMakeFiles/ImageCapture.dir/all] Error 2
[0.415s] gmake: *** [Makefile:146: all] Error 2
[0.418s] Invoked command in '/home/fiend/Navigation_Bot/dev_ws/build/navigation_bot' returned '2': CMAKE_PREFIX_PATH=${CMAKE_PREFIX_PATH}:/home/fiend/cv_bridge_ws/install/opencv_tests:/opt/ros/humble PS1=
\[[38;5;156m\]\[[0m\]\[[38;5;166m\]dev_ws\[[0m\]\[[38;5;166m\]\[[0m\] on \[[38;5;162m\]î‚  \[[0m\]\[[38;5;162m\]main\[[0m\]
\[[1;38;5;166m\]âžœ\[[0m\] /usr/bin/cmake --build /home/fiend/Navigation_Bot/dev_ws/build/navigation_bot -- -j8 -l8
